17:06:16:614  INFO 30148 --- [course-service] [main] com.wrathur.course.CourseApplication     : Starting CourseApplication using Java 21.0.10 with PID 30148 (D:\Development\Java\Projects\IdeaProjects\TherogramAcademy\course-service\target\classes started by Integration-Wrathur in D:\Development\Java\Projects\IdeaProjects\TherogramAcademy)
17:06:16:616  INFO 30148 --- [course-service] [main] com.wrathur.course.CourseApplication     : The following 1 profile is active: "dev"
17:06:16:652  WARN 30148 --- [course-service] [main] c.a.c.n.c.NacosConfigDataLoader          : [Nacos Config] config[dataId=course-service.yaml, group=DEFAULT_GROUP] is empty
17:06:17:229  INFO 30148 --- [course-service] [main] o.s.cloud.context.scope.GenericScope     : BeanFactory id=8d9eef55-01dc-324e-9e5b-3e1b50f1c596
17:06:17:476  INFO 30148 --- [course-service] [main] o.s.b.w.embedded.tomcat.TomcatWebServer  : Tomcat initialized with port 8082 (http)
17:06:17:485  INFO 30148 --- [course-service] [main] o.apache.catalina.core.StandardService   : Starting service [Tomcat]
17:06:17:486  INFO 30148 --- [course-service] [main] o.apache.catalina.core.StandardEngine    : Starting Servlet engine: [Apache Tomcat/10.1.34]
17:06:17:519  INFO 30148 --- [course-service] [main] o.a.c.c.C.[Tomcat].[localhost].[/]       : Initializing Spring embedded WebApplicationContext
17:06:17:519  INFO 30148 --- [course-service] [main] w.s.c.ServletWebServerApplicationContext : Root WebApplicationContext: initialization completed in 865 ms
17:06:17:585  INFO 30148 --- [course-service] [main] c.g.y.a.MybatisPlusJoinAutoConfiguration : mybatis plus join properties config complete
17:06:17:622  INFO 30148 --- [course-service] [main] c.g.y.a.MybatisPlusJoinAutoConfiguration : mybatis plus join SqlInjector init
17:06:17:663  WARN 30148 --- [course-service] [main] c.b.m.core.metadata.TableInfoHelper      : Can not find table primary key in Class: "com.wrathur.course.domain.po.StudentHomework".
17:06:17:665  WARN 30148 --- [course-service] [main] c.g.yulichang.injector.MPJSqlInjector    : class com.wrathur.course.domain.po.StudentHomework ,Not found @TableId annotation, Cannot use Mybatis-Plus 'xxById' Method.
17:06:17:757  WARN 30148 --- [course-service] [main] c.b.m.core.metadata.TableInfoHelper      : Can not find table primary key in Class: "com.wrathur.course.domain.po.StudentCourse".
17:06:17:757  WARN 30148 --- [course-service] [main] c.g.yulichang.injector.MPJSqlInjector    : class com.wrathur.course.domain.po.StudentCourse ,Not found @TableId annotation, Cannot use Mybatis-Plus 'xxById' Method.
17:06:18:315  INFO 30148 --- [course-service] [main] o.s.b.w.embedded.tomcat.TomcatWebServer  : Tomcat started on port 8082 (http) with context path '/'
17:06:18:323  INFO 30148 --- [course-service] [main] c.a.n.p.a.s.c.ClientAuthPluginManager    : [ClientAuthPluginManager] Load ClientAuthService com.alibaba.nacos.client.auth.impl.NacosClientAuthServiceImpl success.
17:06:18:323  INFO 30148 --- [course-service] [main] c.a.n.p.a.s.c.ClientAuthPluginManager    : [ClientAuthPluginManager] Load ClientAuthService com.alibaba.nacos.client.auth.ram.RamClientAuthServiceImpl success.
17:06:18:414  INFO 30148 --- [course-service] [main] c.a.c.n.registry.NacosServiceRegistry    : nacos registry, DEFAULT_GROUP course-service 172.22.148.153:8082 register finished
17:06:18:421  INFO 30148 --- [course-service] [main] com.wrathur.course.CourseApplication     : Started CourseApplication in 2.873 seconds (process running for 3.31)
17:06:18:432  INFO 30148 --- [course-service] [main] c.a.c.n.refresh.NacosContextRefresher    : [Nacos Config] Listening config: dataId=course-service.yaml, group=DEFAULT_GROUP
17:06:44:861  INFO 30148 --- [course-service] [http-nio-8082-exec-1] o.a.c.c.C.[Tomcat].[localhost].[/]       : Initializing Spring DispatcherServlet 'dispatcherServlet'
17:06:44:862  INFO 30148 --- [course-service] [http-nio-8082-exec-1] o.s.web.servlet.DispatcherServlet        : Initializing Servlet 'dispatcherServlet'
17:06:44:863  INFO 30148 --- [course-service] [http-nio-8082-exec-1] o.s.web.servlet.DispatcherServlet        : Completed initialization in 1 ms
17:06:44:880  INFO 30148 --- [course-service] [http-nio-8082-exec-1] c.w.c.interceptors.UserInfoInterceptor   : 成功获取用户登录信息
17:06:44:914  INFO 30148 --- [course-service] [http-nio-8082-exec-1] c.w.course.controller.CourseController   : 获取创建课程分页：CourseQueryDTO(name=, reviewStatus=null, subjectId=null, typeId=null, isSelected=null, isDeleted=null, startSelectCount=null, endSelectCount=null, startCreateTime=null, endCreateTime=null, sortType=1, isAsc=true, pageNum=1, pageSize=100)
17:06:45:045  INFO 30148 --- [course-service] [http-nio-8082-exec-1] com.zaxxer.hikari.HikariDataSource       : HikariPool-1 - Starting...
17:06:45:267  INFO 30148 --- [course-service] [http-nio-8082-exec-1] com.zaxxer.hikari.pool.HikariPool        : HikariPool-1 - Added connection com.mysql.cj.jdbc.ConnectionImpl@416e3b80
17:06:45:270  INFO 30148 --- [course-service] [http-nio-8082-exec-1] com.zaxxer.hikari.HikariDataSource       : HikariPool-1 - Start completed.
17:06:50:915  INFO 30148 --- [course-service] [http-nio-8082-exec-2] c.w.c.interceptors.UserInfoInterceptor   : 成功获取用户登录信息
17:06:50:916  INFO 30148 --- [course-service] [http-nio-8082-exec-2] c.w.course.controller.CourseController   : 获取创建课程分页：CourseQueryDTO(name=, reviewStatus=null, subjectId=null, typeId=null, isSelected=null, isDeleted=null, startSelectCount=null, endSelectCount=null, startCreateTime=null, endCreateTime=null, sortType=1, isAsc=true, pageNum=1, pageSize=100)
17:07:28:941  INFO 30148 --- [course-service] [http-nio-8082-exec-3] c.w.c.interceptors.UserInfoInterceptor   : 成功获取用户登录信息
17:07:28:942  INFO 30148 --- [course-service] [http-nio-8082-exec-3] c.w.course.controller.CourseController   : 获取创建课程分页：CourseQueryDTO(name=, reviewStatus=null, subjectId=null, typeId=null, isSelected=null, isDeleted=null, startSelectCount=null, endSelectCount=null, startCreateTime=null, endCreateTime=null, sortType=1, isAsc=true, pageNum=1, pageSize=100)
17:08:46:460  WARN 30148 --- [course-service] [Thread-1] c.a.n.common.executor.ThreadPoolManager  : [ThreadPoolManager] Start destroying ThreadPool
17:08:46:460  WARN 30148 --- [course-service] [Thread-9] c.a.nacos.common.notify.NotifyCenter     : [NotifyCenter] Start destroying Publisher
17:08:46:460  WARN 30148 --- [course-service] [Thread-9] c.a.nacos.common.notify.NotifyCenter     : [NotifyCenter] Destruction of the end
17:08:46:460  WARN 30148 --- [course-service] [Thread-7] c.a.n.common.http.HttpClientBeanHolder   : [HttpClientBeanHolder] Start destroying common HttpClient
17:08:46:460  WARN 30148 --- [course-service] [Thread-1] c.a.n.common.executor.ThreadPoolManager  : [ThreadPoolManager] Destruction of the end
17:08:46:461  WARN 30148 --- [course-service] [Thread-7] c.a.n.common.http.HttpClientBeanHolder   : [HttpClientBeanHolder] Destruction of the end
17:08:46:462  INFO 30148 --- [course-service] [SpringApplicationShutdownHook] c.a.c.n.registry.NacosServiceRegistry    : De-registering from Nacos Server now...
17:08:46:467  INFO 30148 --- [course-service] [SpringApplicationShutdownHook] c.a.c.n.registry.NacosServiceRegistry    : De-registration finished.
17:08:56:485  INFO 30148 --- [course-service] [SpringApplicationShutdownHook] c.a.c.n.r.NacosGracefulShutdownDelegate  : Nacos client graceful shutdown has been executed successfully. Graceful shutdown wait time is 10000
17:08:56:497  INFO 30148 --- [course-service] [SpringApplicationShutdownHook] com.zaxxer.hikari.HikariDataSource       : HikariPool-1 - Shutdown initiated...
17:08:56:505  INFO 30148 --- [course-service] [SpringApplicationShutdownHook] com.zaxxer.hikari.HikariDataSource       : HikariPool-1 - Shutdown completed.
17:09:52:363  INFO 16472 --- [course-service] [main] com.wrathur.course.CourseApplication     : Starting CourseApplication using Java 21.0.10 with PID 16472 (D:\Development\Java\Projects\IdeaProjects\TherogramAcademy\course-service\target\classes started by Integration-Wrathur in D:\Development\Java\Projects\IdeaProjects\TherogramAcademy)
17:09:52:364  INFO 16472 --- [course-service] [main] com.wrathur.course.CourseApplication     : The following 1 profile is active: "dev"
17:09:52:398  WARN 16472 --- [course-service] [main] c.a.c.n.c.NacosConfigDataLoader          : [Nacos Config] config[dataId=course-service.yaml, group=DEFAULT_GROUP] is empty
17:09:52:973  INFO 16472 --- [course-service] [main] o.s.cloud.context.scope.GenericScope     : BeanFactory id=8d9eef55-01dc-324e-9e5b-3e1b50f1c596
17:09:53:200  INFO 16472 --- [course-service] [main] o.s.b.w.embedded.tomcat.TomcatWebServer  : Tomcat initialized with port 8082 (http)
17:09:53:210  INFO 16472 --- [course-service] [main] o.apache.catalina.core.StandardService   : Starting service [Tomcat]
17:09:53:210  INFO 16472 --- [course-service] [main] o.apache.catalina.core.StandardEngine    : Starting Servlet engine: [Apache Tomcat/10.1.34]
17:09:53:246  INFO 16472 --- [course-service] [main] o.a.c.c.C.[Tomcat].[localhost].[/]       : Initializing Spring embedded WebApplicationContext
17:09:53:246  INFO 16472 --- [course-service] [main] w.s.c.ServletWebServerApplicationContext : Root WebApplicationContext: initialization completed in 846 ms
17:09:53:326  INFO 16472 --- [course-service] [main] c.g.y.a.MybatisPlusJoinAutoConfiguration : mybatis plus join properties config complete
17:09:53:364  INFO 16472 --- [course-service] [main] c.g.y.a.MybatisPlusJoinAutoConfiguration : mybatis plus join SqlInjector init
17:09:53:410  WARN 16472 --- [course-service] [main] c.b.m.core.metadata.TableInfoHelper      : Can not find table primary key in Class: "com.wrathur.course.domain.po.StudentHomework".
17:09:53:413  WARN 16472 --- [course-service] [main] c.g.yulichang.injector.MPJSqlInjector    : class com.wrathur.course.domain.po.StudentHomework ,Not found @TableId annotation, Cannot use Mybatis-Plus 'xxById' Method.
17:09:53:516  WARN 16472 --- [course-service] [main] c.b.m.core.metadata.TableInfoHelper      : Can not find table primary key in Class: "com.wrathur.course.domain.po.StudentCourse".
17:09:53:516  WARN 16472 --- [course-service] [main] c.g.yulichang.injector.MPJSqlInjector    : class com.wrathur.course.domain.po.StudentCourse ,Not found @TableId annotation, Cannot use Mybatis-Plus 'xxById' Method.
17:09:54:144  INFO 16472 --- [course-service] [main] o.s.b.w.embedded.tomcat.TomcatWebServer  : Tomcat started on port 8082 (http) with context path '/'
17:09:54:153  INFO 16472 --- [course-service] [main] c.a.n.p.a.s.c.ClientAuthPluginManager    : [ClientAuthPluginManager] Load ClientAuthService com.alibaba.nacos.client.auth.impl.NacosClientAuthServiceImpl success.
17:09:54:153  INFO 16472 --- [course-service] [main] c.a.n.p.a.s.c.ClientAuthPluginManager    : [ClientAuthPluginManager] Load ClientAuthService com.alibaba.nacos.client.auth.ram.RamClientAuthServiceImpl success.
17:09:54:253  INFO 16472 --- [course-service] [main] c.a.c.n.registry.NacosServiceRegistry    : nacos registry, DEFAULT_GROUP course-service 172.22.148.153:8082 register finished
17:09:54:262  INFO 16472 --- [course-service] [main] com.wrathur.course.CourseApplication     : Started CourseApplication in 2.873 seconds (process running for 3.231)
17:09:54:272  INFO 16472 --- [course-service] [main] c.a.c.n.refresh.NacosContextRefresher    : [Nacos Config] Listening config: dataId=course-service.yaml, group=DEFAULT_GROUP
17:10:03:360  INFO 16472 --- [course-service] [http-nio-8082-exec-1] o.a.c.c.C.[Tomcat].[localhost].[/]       : Initializing Spring DispatcherServlet 'dispatcherServlet'
17:10:03:360  INFO 16472 --- [course-service] [http-nio-8082-exec-1] o.s.web.servlet.DispatcherServlet        : Initializing Servlet 'dispatcherServlet'
17:10:03:361  INFO 16472 --- [course-service] [http-nio-8082-exec-1] o.s.web.servlet.DispatcherServlet        : Completed initialization in 1 ms
17:10:03:380  INFO 16472 --- [course-service] [http-nio-8082-exec-1] c.w.c.interceptors.UserInfoInterceptor   : 成功获取用户登录信息
17:10:03:414  INFO 16472 --- [course-service] [http-nio-8082-exec-1] c.w.course.controller.CourseController   : 获取创建课程分页：CourseQueryDTO(name=, reviewStatus=null, subjectId=null, typeId=null, isSelected=null, isDeleted=null, startSelectCount=null, endSelectCount=null, startCreateTime=null, endCreateTime=null, sortType=1, isAsc=true, pageNum=1, pageSize=100)
17:10:03:547  INFO 16472 --- [course-service] [http-nio-8082-exec-1] com.zaxxer.hikari.HikariDataSource       : HikariPool-1 - Starting...
17:10:03:768  INFO 16472 --- [course-service] [http-nio-8082-exec-1] com.zaxxer.hikari.pool.HikariPool        : HikariPool-1 - Added connection com.mysql.cj.jdbc.ConnectionImpl@2a6691be
17:10:03:769  INFO 16472 --- [course-service] [http-nio-8082-exec-1] com.zaxxer.hikari.HikariDataSource       : HikariPool-1 - Start completed.
17:13:40:480  WARN 16472 --- [course-service] [Thread-1] c.a.n.common.executor.ThreadPoolManager  : [ThreadPoolManager] Start destroying ThreadPool
17:13:40:480  WARN 16472 --- [course-service] [Thread-7] c.a.n.common.http.HttpClientBeanHolder   : [HttpClientBeanHolder] Start destroying common HttpClient
17:13:40:480  WARN 16472 --- [course-service] [Thread-9] c.a.nacos.common.notify.NotifyCenter     : [NotifyCenter] Start destroying Publisher
17:13:40:480  WARN 16472 --- [course-service] [Thread-9] c.a.nacos.common.notify.NotifyCenter     : [NotifyCenter] Destruction of the end
17:13:40:481  WARN 16472 --- [course-service] [Thread-1] c.a.n.common.executor.ThreadPoolManager  : [ThreadPoolManager] Destruction of the end
17:13:40:481  WARN 16472 --- [course-service] [Thread-7] c.a.n.common.http.HttpClientBeanHolder   : [HttpClientBeanHolder] Destruction of the end
17:13:40:481  INFO 16472 --- [course-service] [SpringApplicationShutdownHook] c.a.c.n.registry.NacosServiceRegistry    : De-registering from Nacos Server now...
17:13:40:484  INFO 16472 --- [course-service] [SpringApplicationShutdownHook] c.a.c.n.registry.NacosServiceRegistry    : De-registration finished.
17:13:50:501  INFO 16472 --- [course-service] [SpringApplicationShutdownHook] c.a.c.n.r.NacosGracefulShutdownDelegate  : Nacos client graceful shutdown has been executed successfully. Graceful shutdown wait time is 10000
17:13:50:513  INFO 16472 --- [course-service] [SpringApplicationShutdownHook] com.zaxxer.hikari.HikariDataSource       : HikariPool-1 - Shutdown initiated...
17:13:50:517  INFO 16472 --- [course-service] [SpringApplicationShutdownHook] com.zaxxer.hikari.HikariDataSource       : HikariPool-1 - Shutdown completed.
17:13:52:573  INFO 34788 --- [course-service] [main] com.wrathur.course.CourseApplication     : Starting CourseApplication using Java 21.0.10 with PID 34788 (D:\Development\Java\Projects\IdeaProjects\TherogramAcademy\course-service\target\classes started by Integration-Wrathur in D:\Development\Java\Projects\IdeaProjects\TherogramAcademy)
17:13:52:574  INFO 34788 --- [course-service] [main] com.wrathur.course.CourseApplication     : The following 1 profile is active: "dev"
17:13:52:599  WARN 34788 --- [course-service] [main] c.a.c.n.c.NacosConfigDataLoader          : [Nacos Config] config[dataId=course-service.yaml, group=DEFAULT_GROUP] is empty
17:13:53:087  INFO 34788 --- [course-service] [main] o.s.cloud.context.scope.GenericScope     : BeanFactory id=8d9eef55-01dc-324e-9e5b-3e1b50f1c596
17:13:53:306  INFO 34788 --- [course-service] [main] o.s.b.w.embedded.tomcat.TomcatWebServer  : Tomcat initialized with port 8082 (http)
17:13:53:314  INFO 34788 --- [course-service] [main] o.apache.catalina.core.StandardService   : Starting service [Tomcat]
17:13:53:314  INFO 34788 --- [course-service] [main] o.apache.catalina.core.StandardEngine    : Starting Servlet engine: [Apache Tomcat/10.1.34]
17:13:53:349  INFO 34788 --- [course-service] [main] o.a.c.c.C.[Tomcat].[localhost].[/]       : Initializing Spring embedded WebApplicationContext
17:13:53:350  INFO 34788 --- [course-service] [main] w.s.c.ServletWebServerApplicationContext : Root WebApplicationContext: initialization completed in 750 ms
17:13:53:417  INFO 34788 --- [course-service] [main] c.g.y.a.MybatisPlusJoinAutoConfiguration : mybatis plus join properties config complete
17:13:53:452  INFO 34788 --- [course-service] [main] c.g.y.a.MybatisPlusJoinAutoConfiguration : mybatis plus join SqlInjector init
17:13:53:491  WARN 34788 --- [course-service] [main] c.b.m.core.metadata.TableInfoHelper      : Can not find table primary key in Class: "com.wrathur.course.domain.po.StudentHomework".
17:13:53:492  WARN 34788 --- [course-service] [main] c.g.yulichang.injector.MPJSqlInjector    : class com.wrathur.course.domain.po.StudentHomework ,Not found @TableId annotation, Cannot use Mybatis-Plus 'xxById' Method.
17:13:53:579  WARN 34788 --- [course-service] [main] c.b.m.core.metadata.TableInfoHelper      : Can not find table primary key in Class: "com.wrathur.course.domain.po.StudentCourse".
17:13:53:579  WARN 34788 --- [course-service] [main] c.g.yulichang.injector.MPJSqlInjector    : class com.wrathur.course.domain.po.StudentCourse ,Not found @TableId annotation, Cannot use Mybatis-Plus 'xxById' Method.
17:13:54:121  INFO 34788 --- [course-service] [main] o.s.b.w.embedded.tomcat.TomcatWebServer  : Tomcat started on port 8082 (http) with context path '/'
17:13:54:130  INFO 34788 --- [course-service] [main] c.a.n.p.a.s.c.ClientAuthPluginManager    : [ClientAuthPluginManager] Load ClientAuthService com.alibaba.nacos.client.auth.impl.NacosClientAuthServiceImpl success.
17:13:54:130  INFO 34788 --- [course-service] [main] c.a.n.p.a.s.c.ClientAuthPluginManager    : [ClientAuthPluginManager] Load ClientAuthService com.alibaba.nacos.client.auth.ram.RamClientAuthServiceImpl success.
17:13:54:221  INFO 34788 --- [course-service] [main] c.a.c.n.registry.NacosServiceRegistry    : nacos registry, DEFAULT_GROUP course-service 172.22.148.153:8082 register finished
17:13:54:229  INFO 34788 --- [course-service] [main] com.wrathur.course.CourseApplication     : Started CourseApplication in 2.479 seconds (process running for 2.91)
17:13:54:239  INFO 34788 --- [course-service] [main] c.a.c.n.refresh.NacosContextRefresher    : [Nacos Config] Listening config: dataId=course-service.yaml, group=DEFAULT_GROUP
17:19:02:092  WARN 34788 --- [course-service] [Thread-1] c.a.n.common.executor.ThreadPoolManager  : [ThreadPoolManager] Start destroying ThreadPool
17:19:02:092  WARN 34788 --- [course-service] [Thread-7] c.a.n.common.http.HttpClientBeanHolder   : [HttpClientBeanHolder] Start destroying common HttpClient
17:19:02:092  WARN 34788 --- [course-service] [Thread-9] c.a.nacos.common.notify.NotifyCenter     : [NotifyCenter] Start destroying Publisher
17:19:02:093  WARN 34788 --- [course-service] [Thread-9] c.a.nacos.common.notify.NotifyCenter     : [NotifyCenter] Destruction of the end
17:19:02:093  WARN 34788 --- [course-service] [Thread-1] c.a.n.common.executor.ThreadPoolManager  : [ThreadPoolManager] Destruction of the end
17:19:02:093  WARN 34788 --- [course-service] [Thread-7] c.a.n.common.http.HttpClientBeanHolder   : [HttpClientBeanHolder] Destruction of the end
17:19:02:094  INFO 34788 --- [course-service] [SpringApplicationShutdownHook] c.a.c.n.registry.NacosServiceRegistry    : De-registering from Nacos Server now...
17:19:02:097  INFO 34788 --- [course-service] [SpringApplicationShutdownHook] c.a.c.n.registry.NacosServiceRegistry    : De-registration finished.
17:19:12:111  INFO 34788 --- [course-service] [SpringApplicationShutdownHook] c.a.c.n.r.NacosGracefulShutdownDelegate  : Nacos client graceful shutdown has been executed successfully. Graceful shutdown wait time is 10000
