21:30:22:076  WARN 17140 --- [main] c.a.nacos.client.logging.NacosLogging    : Load Logback Configuration of Nacos fail, message: 'void ch.qos.logback.classic.util.ContextInitializer.configureByResource(java.net.URL)'
21:30:22:077  WARN 17140 --- [main] c.a.nacos.client.logging.NacosLogging    : Load Logback Configuration of Nacos fail, message: 'void ch.qos.logback.classic.util.ContextInitializer.configureByResource(java.net.URL)'
21:30:22:110  INFO 17140 --- [main] c.w.statistic.StatisticApplication       : Starting StatisticApplication using Java 17.0.18 with PID 17140 (D:\Development\Java\Projects\IdeaProjects\TherogramAcademy\statistic-service\target\classes started by Integration-Wrathur in D:\Development\Java\Projects\IdeaProjects\TherogramAcademy)
21:30:22:110  INFO 17140 --- [main] c.w.statistic.StatisticApplication       : The following 1 profile is active: "dev"
21:30:22:129  WARN 17140 --- [main] c.a.c.n.c.NacosConfigDataLoader          : [Nacos Config] config[dataId=:statistic-service.yaml, group=DEFAULT_GROUP] is empty
21:30:22:461  INFO 17140 --- [main] c.w.statistic.StatisticApplication       : Started StatisticApplication in 1.423 seconds (process running for 1.658)
21:30:22:462  WARN 17140 --- [Thread-1] c.a.n.common.http.HttpClientBeanHolder   : [HttpClientBeanHolder] Start destroying common HttpClient
21:30:22:462  WARN 17140 --- [Thread-4] c.a.nacos.common.notify.NotifyCenter     : [NotifyCenter] Start destroying Publisher
21:30:22:462  WARN 17140 --- [Thread-4] c.a.nacos.common.notify.NotifyCenter     : [NotifyCenter] Destruction of the end
21:30:22:462  WARN 17140 --- [Thread-1] c.a.n.common.http.HttpClientBeanHolder   : [HttpClientBeanHolder] Destruction of the end
21:31:13:709  WARN 7188 --- [main] c.a.nacos.client.logging.NacosLogging    : Load Logback Configuration of Nacos fail, message: 'void ch.qos.logback.classic.util.ContextInitializer.configureByResource(java.net.URL)'
21:31:13:710  WARN 7188 --- [main] c.a.nacos.client.logging.NacosLogging    : Load Logback Configuration of Nacos fail, message: 'void ch.qos.logback.classic.util.ContextInitializer.configureByResource(java.net.URL)'
21:31:13:740  INFO 7188 --- [main] c.w.statistic.StatisticApplication       : Starting StatisticApplication using Java 17.0.18 with PID 7188 (D:\Development\Java\Projects\IdeaProjects\TherogramAcademy\statistic-service\target\classes started by Integration-Wrathur in D:\Development\Java\Projects\IdeaProjects\TherogramAcademy)
21:31:13:740  INFO 7188 --- [main] c.w.statistic.StatisticApplication       : The following 1 profile is active: "dev"
21:31:13:755  WARN 7188 --- [main] c.a.c.n.c.NacosConfigDataLoader          : [Nacos Config] config[dataId=:statistic-service.yaml, group=DEFAULT_GROUP] is empty
21:31:14:048  INFO 7188 --- [main] c.w.statistic.StatisticApplication       : Started StatisticApplication in 1.2 seconds (process running for 1.451)
21:31:14:049  WARN 7188 --- [Thread-4] c.a.nacos.common.notify.NotifyCenter     : [NotifyCenter] Start destroying Publisher
21:31:14:049  WARN 7188 --- [Thread-1] c.a.n.common.http.HttpClientBeanHolder   : [HttpClientBeanHolder] Start destroying common HttpClient
21:31:14:049  WARN 7188 --- [Thread-4] c.a.nacos.common.notify.NotifyCenter     : [NotifyCenter] Destruction of the end
21:31:14:049  WARN 7188 --- [Thread-1] c.a.n.common.http.HttpClientBeanHolder   : [HttpClientBeanHolder] Destruction of the end
21:31:37:770  WARN 17412 --- [main] c.a.nacos.client.logging.NacosLogging    : Load Logback Configuration of Nacos fail, message: 'void ch.qos.logback.classic.util.ContextInitializer.configureByResource(java.net.URL)'
21:31:37:771  WARN 17412 --- [main] c.a.nacos.client.logging.NacosLogging    : Load Logback Configuration of Nacos fail, message: 'void ch.qos.logback.classic.util.ContextInitializer.configureByResource(java.net.URL)'
21:31:37:800  INFO 17412 --- [main] c.w.statistic.StatisticApplication       : Starting StatisticApplication using Java 17.0.18 with PID 17412 (D:\Development\Java\Projects\IdeaProjects\TherogramAcademy\statistic-service\target\classes started by Integration-Wrathur in D:\Development\Java\Projects\IdeaProjects\TherogramAcademy)
21:31:37:802  INFO 17412 --- [main] c.w.statistic.StatisticApplication       : The following 1 profile is active: "dev"
21:31:37:819  WARN 17412 --- [main] c.a.c.n.c.NacosConfigDataLoader          : [Nacos Config] config[dataId=:statistic-service.yaml, group=DEFAULT_GROUP] is empty
21:31:38:101  INFO 17412 --- [main] c.w.statistic.StatisticApplication       : Started StatisticApplication in 1.177 seconds (process running for 1.427)
21:31:38:103  WARN 17412 --- [Thread-4] c.a.nacos.common.notify.NotifyCenter     : [NotifyCenter] Start destroying Publisher
21:31:38:103  WARN 17412 --- [Thread-1] c.a.n.common.http.HttpClientBeanHolder   : [HttpClientBeanHolder] Start destroying common HttpClient
21:31:38:103  WARN 17412 --- [Thread-4] c.a.nacos.common.notify.NotifyCenter     : [NotifyCenter] Destruction of the end
21:31:38:103  WARN 17412 --- [Thread-1] c.a.n.common.http.HttpClientBeanHolder   : [HttpClientBeanHolder] Destruction of the end
21:33:15:020  WARN 15076 --- [main] c.a.nacos.client.logging.NacosLogging    : Load Logback Configuration of Nacos fail, message: 'void ch.qos.logback.classic.util.ContextInitializer.configureByResource(java.net.URL)'
21:33:15:021  WARN 15076 --- [main] c.a.nacos.client.logging.NacosLogging    : Load Logback Configuration of Nacos fail, message: 'void ch.qos.logback.classic.util.ContextInitializer.configureByResource(java.net.URL)'
21:33:15:048  INFO 15076 --- [main] c.w.statistic.StatisticApplication       : Starting StatisticApplication using Java 17.0.18 with PID 15076 (D:\Development\Java\Projects\IdeaProjects\TherogramAcademy\statistic-service\target\classes started by Integration-Wrathur in D:\Development\Java\Projects\IdeaProjects\TherogramAcademy)
21:33:15:049  INFO 15076 --- [main] c.w.statistic.StatisticApplication       : The following 1 profile is active: "dev"
21:33:15:066  WARN 15076 --- [main] c.a.c.n.c.NacosConfigDataLoader          : [Nacos Config] config[dataId=:statistic-service.yaml, group=DEFAULT_GROUP] is empty
21:33:15:363  INFO 15076 --- [main] c.w.statistic.StatisticApplication       : Started StatisticApplication in 1.212 seconds (process running for 1.475)
21:33:15:364  WARN 15076 --- [Thread-1] c.a.n.common.http.HttpClientBeanHolder   : [HttpClientBeanHolder] Start destroying common HttpClient
21:33:15:364  WARN 15076 --- [Thread-4] c.a.nacos.common.notify.NotifyCenter     : [NotifyCenter] Start destroying Publisher
21:33:15:364  WARN 15076 --- [Thread-4] c.a.nacos.common.notify.NotifyCenter     : [NotifyCenter] Destruction of the end
21:33:15:364  WARN 15076 --- [Thread-1] c.a.n.common.http.HttpClientBeanHolder   : [HttpClientBeanHolder] Destruction of the end
21:34:00:573  WARN 3196 --- [main] c.a.nacos.client.logging.NacosLogging    : Load Logback Configuration of Nacos fail, message: 'void ch.qos.logback.classic.util.ContextInitializer.configureByResource(java.net.URL)'
21:34:00:575  WARN 3196 --- [main] c.a.nacos.client.logging.NacosLogging    : Load Logback Configuration of Nacos fail, message: 'void ch.qos.logback.classic.util.ContextInitializer.configureByResource(java.net.URL)'
21:34:00:607  INFO 3196 --- [main] c.w.statistic.StatisticApplication       : Starting StatisticApplication using Java 17.0.18 with PID 3196 (D:\Development\Java\Projects\IdeaProjects\TherogramAcademy\statistic-service\target\classes started by Integration-Wrathur in D:\Development\Java\Projects\IdeaProjects\TherogramAcademy)
21:34:00:607  INFO 3196 --- [main] c.w.statistic.StatisticApplication       : The following 1 profile is active: "dev"
21:34:00:631  WARN 3196 --- [main] c.a.c.n.c.NacosConfigDataLoader          : [Nacos Config] config[dataId=:statistic-service.yaml, group=DEFAULT_GROUP] is empty
21:34:00:997  INFO 3196 --- [main] o.s.b.w.embedded.tomcat.TomcatWebServer  : Tomcat initialized with port(s): 8084 (http)
21:34:01:002  INFO 3196 --- [main] o.apache.catalina.core.StandardService   : Starting service [Tomcat]
21:34:01:002  INFO 3196 --- [main] o.apache.catalina.core.StandardEngine    : Starting Servlet engine: [Apache Tomcat/10.1.15]
21:34:01:042  INFO 3196 --- [main] o.a.c.c.C.[Tomcat].[localhost].[/]       : Initializing Spring embedded WebApplicationContext
21:34:01:042  INFO 3196 --- [main] w.s.c.ServletWebServerApplicationContext : Root WebApplicationContext: initialization completed in 410 ms
21:34:01:247  INFO 3196 --- [main] o.s.b.w.embedded.tomcat.TomcatWebServer  : Tomcat started on port(s): 8084 (http) with context path ''
21:34:01:250  INFO 3196 --- [main] c.w.statistic.StatisticApplication       : Started StatisticApplication in 1.522 seconds (process running for 1.772)
21:34:16:615  WARN 3196 --- [Thread-4] c.a.nacos.common.notify.NotifyCenter     : [NotifyCenter] Start destroying Publisher
21:34:16:615  WARN 3196 --- [Thread-1] c.a.n.common.http.HttpClientBeanHolder   : [HttpClientBeanHolder] Start destroying common HttpClient
21:34:16:615  WARN 3196 --- [Thread-4] c.a.nacos.common.notify.NotifyCenter     : [NotifyCenter] Destruction of the end
21:34:16:615  WARN 3196 --- [Thread-1] c.a.n.common.http.HttpClientBeanHolder   : [HttpClientBeanHolder] Destruction of the end
21:38:55:362  WARN 19996 --- [main] c.a.nacos.client.logging.NacosLogging    : Load Logback Configuration of Nacos fail, message: 'void ch.qos.logback.classic.util.ContextInitializer.configureByResource(java.net.URL)'
21:38:55:363  WARN 19996 --- [main] c.a.nacos.client.logging.NacosLogging    : Load Logback Configuration of Nacos fail, message: 'void ch.qos.logback.classic.util.ContextInitializer.configureByResource(java.net.URL)'
21:38:55:397  INFO 19996 --- [main] c.w.statistic.StatisticApplication       : Starting StatisticApplication using Java 17.0.18 with PID 19996 (D:\Development\Java\Projects\IdeaProjects\TherogramAcademy\statistic-service\target\classes started by Integration-Wrathur in D:\Development\Java\Projects\IdeaProjects\TherogramAcademy)
21:38:55:398  INFO 19996 --- [main] c.w.statistic.StatisticApplication       : The following 1 profile is active: "dev"
21:38:55:417  WARN 19996 --- [main] c.a.c.n.c.NacosConfigDataLoader          : [Nacos Config] config[dataId=:statistic-service.yaml, group=DEFAULT_GROUP] is empty
21:38:55:762  INFO 19996 --- [main] o.s.b.w.embedded.tomcat.TomcatWebServer  : Tomcat initialized with port(s): 8084 (http)
21:38:55:767  INFO 19996 --- [main] o.apache.catalina.core.StandardService   : Starting service [Tomcat]
21:38:55:767  INFO 19996 --- [main] o.apache.catalina.core.StandardEngine    : Starting Servlet engine: [Apache Tomcat/10.1.15]
21:38:55:802  INFO 19996 --- [main] o.a.c.c.C.[Tomcat].[localhost].[/]       : Initializing Spring embedded WebApplicationContext
21:38:55:804  INFO 19996 --- [main] w.s.c.ServletWebServerApplicationContext : Root WebApplicationContext: initialization completed in 387 ms
21:38:55:982  INFO 19996 --- [main] o.s.b.w.embedded.tomcat.TomcatWebServer  : Tomcat started on port(s): 8084 (http) with context path ''
21:38:55:987  INFO 19996 --- [main] c.w.statistic.StatisticApplication       : Started StatisticApplication in 1.483 seconds (process running for 1.731)
21:38:58:806  WARN 19996 --- [Thread-4] c.a.nacos.common.notify.NotifyCenter     : [NotifyCenter] Start destroying Publisher
21:38:58:806  WARN 19996 --- [Thread-1] c.a.n.common.http.HttpClientBeanHolder   : [HttpClientBeanHolder] Start destroying common HttpClient
21:38:58:806  WARN 19996 --- [Thread-4] c.a.nacos.common.notify.NotifyCenter     : [NotifyCenter] Destruction of the end
21:38:58:806  WARN 19996 --- [Thread-1] c.a.n.common.http.HttpClientBeanHolder   : [HttpClientBeanHolder] Destruction of the end
21:40:50:188  WARN 12408 --- [main] c.a.nacos.client.logging.NacosLogging    : Load Logback Configuration of Nacos fail, message: 'void ch.qos.logback.classic.util.ContextInitializer.configureByResource(java.net.URL)'
21:40:50:189  WARN 12408 --- [main] c.a.nacos.client.logging.NacosLogging    : Load Logback Configuration of Nacos fail, message: 'void ch.qos.logback.classic.util.ContextInitializer.configureByResource(java.net.URL)'
21:40:50:220  INFO 12408 --- [main] c.w.statistic.StatisticApplication       : Starting StatisticApplication using Java 17.0.18 with PID 12408 (D:\Development\Java\Projects\IdeaProjects\TherogramAcademy\statistic-service\target\classes started by Integration-Wrathur in D:\Development\Java\Projects\IdeaProjects\TherogramAcademy)
21:40:50:220  INFO 12408 --- [main] c.w.statistic.StatisticApplication       : The following 1 profile is active: "dev"
21:40:50:243  WARN 12408 --- [main] c.a.c.n.c.NacosConfigDataLoader          : [Nacos Config] config[dataId=:statistic-service.yaml, group=DEFAULT_GROUP] is empty
21:40:50:582  INFO 12408 --- [main] o.s.b.w.embedded.tomcat.TomcatWebServer  : Tomcat initialized with port(s): 8084 (http)
21:40:50:587  INFO 12408 --- [main] o.apache.catalina.core.StandardService   : Starting service [Tomcat]
21:40:50:587  INFO 12408 --- [main] o.apache.catalina.core.StandardEngine    : Starting Servlet engine: [Apache Tomcat/10.1.15]
21:40:50:624  INFO 12408 --- [main] o.a.c.c.C.[Tomcat].[localhost].[/]       : Initializing Spring embedded WebApplicationContext
21:40:50:624  INFO 12408 --- [main] w.s.c.ServletWebServerApplicationContext : Root WebApplicationContext: initialization completed in 380 ms
21:40:50:801  INFO 12408 --- [main] o.s.b.w.embedded.tomcat.TomcatWebServer  : Tomcat started on port(s): 8084 (http) with context path ''
21:40:50:805  INFO 12408 --- [main] c.w.statistic.StatisticApplication       : Started StatisticApplication in 1.499 seconds (process running for 1.753)
21:43:03:760  WARN 12408 --- [Thread-1] c.a.n.common.http.HttpClientBeanHolder   : [HttpClientBeanHolder] Start destroying common HttpClient
21:43:03:760  WARN 12408 --- [Thread-4] c.a.nacos.common.notify.NotifyCenter     : [NotifyCenter] Start destroying Publisher
21:43:03:762  WARN 12408 --- [Thread-4] c.a.nacos.common.notify.NotifyCenter     : [NotifyCenter] Destruction of the end
21:43:03:762  WARN 12408 --- [Thread-1] c.a.n.common.http.HttpClientBeanHolder   : [HttpClientBeanHolder] Destruction of the end
21:43:16:030  WARN 22676 --- [main] c.a.nacos.client.logging.NacosLogging    : Load Logback Configuration of Nacos fail, message: 'void ch.qos.logback.classic.util.ContextInitializer.configureByResource(java.net.URL)'
21:43:16:031  WARN 22676 --- [main] c.a.nacos.client.logging.NacosLogging    : Load Logback Configuration of Nacos fail, message: 'void ch.qos.logback.classic.util.ContextInitializer.configureByResource(java.net.URL)'
21:43:16:069  INFO 22676 --- [main] c.w.statistic.StatisticApplication       : Starting StatisticApplication using Java 17.0.18 with PID 22676 (D:\Development\Java\Projects\IdeaProjects\TherogramAcademy\statistic-service\target\classes started by Integration-Wrathur in D:\Development\Java\Projects\IdeaProjects\TherogramAcademy)
21:43:16:071  INFO 22676 --- [main] c.w.statistic.StatisticApplication       : The following 1 profile is active: "dev"
21:43:16:088  WARN 22676 --- [main] c.a.c.n.c.NacosConfigDataLoader          : [Nacos Config] config[dataId=:statistic-service.yaml, group=DEFAULT_GROUP] is empty
21:43:16:435  INFO 22676 --- [main] o.s.b.w.embedded.tomcat.TomcatWebServer  : Tomcat initialized with port(s): 8084 (http)
21:43:16:440  INFO 22676 --- [main] o.apache.catalina.core.StandardService   : Starting service [Tomcat]
21:43:16:440  INFO 22676 --- [main] o.apache.catalina.core.StandardEngine    : Starting Servlet engine: [Apache Tomcat/10.1.15]
21:43:16:474  INFO 22676 --- [main] o.a.c.c.C.[Tomcat].[localhost].[/]       : Initializing Spring embedded WebApplicationContext
21:43:16:475  INFO 22676 --- [main] w.s.c.ServletWebServerApplicationContext : Root WebApplicationContext: initialization completed in 386 ms
21:43:16:656  INFO 22676 --- [main] o.s.b.w.embedded.tomcat.TomcatWebServer  : Tomcat started on port(s): 8084 (http) with context path ''
21:43:16:661  INFO 22676 --- [main] c.w.statistic.StatisticApplication       : Started StatisticApplication in 1.529 seconds (process running for 1.791)
21:44:04:587  WARN 22676 --- [Thread-1] c.a.n.common.http.HttpClientBeanHolder   : [HttpClientBeanHolder] Start destroying common HttpClient
21:44:04:587  WARN 22676 --- [Thread-4] c.a.nacos.common.notify.NotifyCenter     : [NotifyCenter] Start destroying Publisher
21:44:04:587  WARN 22676 --- [Thread-4] c.a.nacos.common.notify.NotifyCenter     : [NotifyCenter] Destruction of the end
21:44:04:587  WARN 22676 --- [Thread-1] c.a.n.common.http.HttpClientBeanHolder   : [HttpClientBeanHolder] Destruction of the end
21:44:37:200  WARN 21180 --- [main] c.a.nacos.client.logging.NacosLogging    : Load Logback Configuration of Nacos fail, message: 'void ch.qos.logback.classic.util.ContextInitializer.configureByResource(java.net.URL)'
21:44:37:202  WARN 21180 --- [main] c.a.nacos.client.logging.NacosLogging    : Load Logback Configuration of Nacos fail, message: 'void ch.qos.logback.classic.util.ContextInitializer.configureByResource(java.net.URL)'
21:44:37:235  INFO 21180 --- [main] c.w.statistic.StatisticApplication       : Starting StatisticApplication using Java 17.0.18 with PID 21180 (D:\Development\Java\Projects\IdeaProjects\TherogramAcademy\statistic-service\target\classes started by Integration-Wrathur in D:\Development\Java\Projects\IdeaProjects\TherogramAcademy)
21:44:37:235  INFO 21180 --- [main] c.w.statistic.StatisticApplication       : The following 1 profile is active: "dev"
21:44:37:257  WARN 21180 --- [main] c.a.c.n.c.NacosConfigDataLoader          : [Nacos Config] config[dataId=:statistic-service.yaml, group=DEFAULT_GROUP] is empty
21:44:37:608  INFO 21180 --- [main] o.s.b.w.embedded.tomcat.TomcatWebServer  : Tomcat initialized with port(s): 8084 (http)
21:44:37:615  INFO 21180 --- [main] o.apache.catalina.core.StandardService   : Starting service [Tomcat]
21:44:37:615  INFO 21180 --- [main] o.apache.catalina.core.StandardEngine    : Starting Servlet engine: [Apache Tomcat/10.1.15]
21:44:37:653  INFO 21180 --- [main] o.a.c.c.C.[Tomcat].[localhost].[/]       : Initializing Spring embedded WebApplicationContext
21:44:37:653  INFO 21180 --- [main] w.s.c.ServletWebServerApplicationContext : Root WebApplicationContext: initialization completed in 395 ms
21:44:37:852  INFO 21180 --- [main] o.s.b.w.embedded.tomcat.TomcatWebServer  : Tomcat started on port(s): 8084 (http) with context path ''
21:44:37:856  INFO 21180 --- [main] c.w.statistic.StatisticApplication       : Started StatisticApplication in 1.566 seconds (process running for 1.826)
21:44:47:904  WARN 21180 --- [Thread-1] c.a.n.common.http.HttpClientBeanHolder   : [HttpClientBeanHolder] Start destroying common HttpClient
21:44:47:905  WARN 21180 --- [Thread-4] c.a.nacos.common.notify.NotifyCenter     : [NotifyCenter] Start destroying Publisher
21:44:47:905  WARN 21180 --- [Thread-4] c.a.nacos.common.notify.NotifyCenter     : [NotifyCenter] Destruction of the end
21:44:47:905  WARN 21180 --- [Thread-1] c.a.n.common.http.HttpClientBeanHolder   : [HttpClientBeanHolder] Destruction of the end
